\BOOKMARK [0][]{chapter.1}{\376\377\0001\000\040\000W\000p\000r\000o\000w\000a\000d\000z\000e\000n\000i\000e}{}% 1
\BOOKMARK [1][]{section.1.1}{\376\377\0001\000.\0001\000\040\000O\000p\000i\000s\000\040\000p\000r\000o\000b\000l\000e\000m\000u\000\040\000i\000\040\000k\000o\000n\000c\000e\000p\000c\000j\000a\000\040\000j\000e\000g\000o\000\040\000r\000o\000z\000w\000i\001\005\000z\000a\000n\000i\000a\000\040\000\050\000T\000o\000D\000o\000\051}{chapter.1}% 2
\BOOKMARK [1][]{section.1.2}{\376\377\0001\000.\0002\000\040\000C\000e\000l\000e\000\040\000p\000r\000o\000j\000e\000k\000t\000u}{chapter.1}% 3
\BOOKMARK [0][]{chapter.2}{\376\377\0002\000\040\000O\000p\000i\000s\000\040\000p\000r\000o\000c\000e\000s\000\363\000w\000\040\000b\000i\000z\000n\000e\000s\000o\000w\000y\000c\000h}{}% 4
\BOOKMARK [1][]{section.2.1}{\376\377\0002\000.\0001\000\040\000A\000k\000t\000o\000r\000z\000y}{chapter.2}% 5
\BOOKMARK [1][]{section.2.2}{\376\377\0002\000.\0002\000\040\000O\000b\000i\000e\000k\000t\000y\000\040\000b\000i\000z\000n\000e\000s\000o\000w\000e}{chapter.2}% 6
\BOOKMARK [2][]{subsection.2.2.1}{\376\377\0002\000.\0002\000.\0001\000\040\000B\000a\000d\000a\000n\000i\000e}{section.2.2}% 7
\BOOKMARK [2][]{subsection.2.2.2}{\376\377\0002\000.\0002\000.\0002\000\040\000A\000n\000k\000i\000e\000t\000a}{section.2.2}% 8
\BOOKMARK [2][]{subsection.2.2.3}{\376\377\0002\000.\0002\000.\0003\000\040\000G\000r\000u\000p\000a\000\040\000D\000o\000c\000e\000l\000o\000w\000a}{section.2.2}% 9
\BOOKMARK [2][]{subsection.2.2.4}{\376\377\0002\000.\0002\000.\0004\000\040\000R\000a\000p\000o\000r\000t}{section.2.2}% 10
\BOOKMARK [1][]{section.2.3}{\376\377\0002\000.\0003\000\040\000B\000i\000z\000n\000e\000s\000o\000w\000e\000\040\000p\000r\000z\000y\000p\000a\000d\000k\000i\000\040\000u\001\174\000y\000c\000i\000a}{chapter.2}% 11
\BOOKMARK [2][]{subsection.2.3.1}{\376\377\0002\000.\0003\000.\0001\000\040\000B\000C\0000\0001\000:\000\040\000Z\000b\000i\000e\000r\000a\000n\000i\000e\000\040\000i\000n\000f\000o\000r\000m\000a\000c\000j\000i\000\040\000o\000\040\000A\000b\000s\000o\000l\000w\000e\000n\000t\000a\000c\000h}{section.2.3}% 12
\BOOKMARK [2][]{subsection.2.3.2}{\376\377\0002\000.\0003\000.\0002\000\040\000B\000C\0000\0002\000:\000\040\000Z\000b\000i\000e\000r\000a\000n\000i\000e\000\040\000i\000n\000f\000o\000r\000m\000a\000c\000j\000i\000\040\000o\000\040\000S\000t\000u\000d\000e\000n\000t\000a\000c\000h}{section.2.3}% 13
\BOOKMARK [2][]{subsection.2.3.3}{\376\377\0002\000.\0003\000.\0003\000\040\000B\000C\0000\0003\000:\000\040\000Z\000a\000r\000z\001\005\000d\000z\000a\000n\000i\000e\000\040\000G\000r\000u\000p\000a\000m\000i\000\040\000D\000o\000c\000e\000l\000o\000w\000y\000m\000i}{section.2.3}% 14
\BOOKMARK [0][]{chapter.3}{\376\377\0003\000\040\000W\000y\000m\000a\000g\000a\000n\000i\000a\000\040\000f\000u\000n\000k\000c\000j\000o\000n\000a\000l\000n\000e}{}% 15
\BOOKMARK [1][]{section.3.1}{\376\377\0003\000.\0001\000\040\000W\000s\000t\001\031\000p\000\040\040\023\000\040\000d\000i\000a\000g\000r\000a\000m\000\040\000p\000r\000z\000y\000p\000a\000d\000k\000\363\000w\000\040\000u\001\174\000y\000c\000i\000a}{chapter.3}% 16
\BOOKMARK [1][]{section.3.2}{\376\377\0003\000.\0002\000\040\000A\000n\000k\000i\000e\000t\000e\000r}{chapter.3}% 17
\BOOKMARK [2][]{subsection.3.2.1}{\376\377\0003\000.\0002\000.\0001\000\040\000U\000C\0000\0001\000:\000\040\000S\000t\000w\000o\000r\000z\000e\000n\000i\000e\000\040\000A\000n\000k\000i\000e\000t\000y}{section.3.2}% 18
\BOOKMARK [2][]{subsection.3.2.2}{\376\377\0003\000.\0002\000.\0002\000\040\000U\000C\0000\0002\000:\000\040\000E\000d\000y\000c\000j\000a\000\040\000A\000n\000k\000i\000e\000t\000y}{section.3.2}% 19
\BOOKMARK [2][]{subsection.3.2.3}{\376\377\0003\000.\0002\000.\0003\000\040\000U\000C\0000\0003\000:\000\040\000W\000y\000b\000\363\000r\000\040\000G\000r\000u\000p\000y\000\040\000D\000o\000c\000e\000l\000o\000w\000e\000j}{section.3.2}% 20
\BOOKMARK [2][]{subsection.3.2.4}{\376\377\0003\000.\0002\000.\0004\000\040\000U\000C\0000\0004\000:\000\040\000U\000r\000u\000c\000h\000o\000m\000i\000e\000n\000i\000e\000\040\000B\000a\000d\000a\000n\000i\000a}{section.3.2}% 21
\BOOKMARK [2][]{subsection.3.2.5}{\376\377\0003\000.\0002\000.\0005\000\040\000U\000C\0000\0006\000:\000\040\000S\000p\000r\000a\000w\000d\000z\000e\000n\000i\000e\000\040\000w\000y\000n\000i\000k\000\363\000w}{section.3.2}% 22
\BOOKMARK [1][]{section.3.3}{\376\377\0003\000.\0003\000\040\000R\000e\000s\000p\000o\000n\000d\000e\000n\000t}{chapter.3}% 23
\BOOKMARK [2][]{subsection.3.3.1}{\376\377\0003\000.\0003\000.\0001\000\040\000U\000C\0000\0005\000:\000\040\000U\000d\000z\000i\000e\000l\000e\000n\000i\000e\000\040\000o\000d\000p\000o\000w\000i\000e\000d\000z\000i}{section.3.3}% 24
\BOOKMARK [1][]{section.3.4}{\376\377\0003\000.\0004\000\040\000A\000d\000m\000i\000n\000i\000s\000t\000r\000a\000t\000o\000r\000\040\000B\000a\000z\000y\000\040\000D\000a\000n\000y\000c\000h}{chapter.3}% 25
\BOOKMARK [2][]{subsection.3.4.1}{\376\377\0003\000.\0004\000.\0001\000\040\000U\000C\0000\0007\000:\000\040\000T\000w\000o\000r\000z\000e\000n\000i\000e\000\040\000G\000r\000u\000p\000y\000\040\000D\000o\000c\000e\000l\000o\000w\000e\000j}{section.3.4}% 26
\BOOKMARK [2][]{subsection.3.4.2}{\376\377\0003\000.\0004\000.\0002\000\040\000U\000C\0000\0008\000:\000\040\000E\000d\000y\000c\000j\000a\000\040\000G\000r\000u\000p\000y\000\040\000D\000o\000c\000e\000l\000o\000w\000e\000j}{section.3.4}% 27
\BOOKMARK [1][]{section.3.5}{\376\377\0003\000.\0005\000\040\000W\000s\000z\000y\000s\000c\000y\000\040\000U\001\174\000y\000t\000k\000o\000w\000n\000i\000c\000y}{chapter.3}% 28
\BOOKMARK [2][]{subsection.3.5.1}{\376\377\0003\000.\0005\000.\0001\000\040\000U\000C\0000\0009\000:\000\040\000L\000o\000g\000o\000w\000a\000n\000i\000e\000\040\000d\000o\000\040\000S\000y\000s\000t\000e\000m\000u}{section.3.5}% 29
\BOOKMARK [0][]{chapter.4}{\376\377\0004\000\040\000W\000y\000m\000a\000g\000a\000n\000i\000a\000\040\000p\000o\000z\000a\000f\000u\000n\000k\000c\000j\000o\000n\000a\000l\000n\000e}{}% 30
\BOOKMARK [1][]{section.4.1}{\376\377\0004\000.\0001\000\040\000W\000s\000t\001\031\000p}{chapter.4}% 31
\BOOKMARK [0][]{chapter.5}{\376\377\0005\000\040\000A\000r\000c\000h\000i\000t\000e\000k\000t\000u\000r\000a\000\040\000s\000y\000s\000t\000e\000m\000u}{}% 32
\BOOKMARK [1][]{section.5.1}{\376\377\0005\000.\0001\000\040\000W\000s\000t\001\031\000p}{chapter.5}% 33
\BOOKMARK [1][]{section.5.2}{\376\377\0005\000.\0002\000\040\000O\000p\000i\000s\000\040\000o\000g\000\363\000l\000n\000y\000\040\000a\000r\000c\000h\000i\000t\000e\000k\000t\000u\000r\000y\000\040\040\023\000\040\000M\000a\000r\000k\000e\000t\000e\000c\000t\000u\000r\000e}{chapter.5}% 34
\BOOKMARK [1][]{section.5.3}{\376\377\0005\000.\0003\000\040\000P\000e\000r\000s\000p\000e\000k\000t\000y\000w\000y\000\040\000a\000r\000c\000h\000i\000t\000e\000k\000t\000o\000n\000i\000c\000z\000n\000e}{chapter.5}% 35
\BOOKMARK [2][]{subsection.5.3.1}{\376\377\0005\000.\0003\000.\0001\000\040\000P\000e\000r\000s\000p\000e\000k\000t\000y\000w\000a\000\040\000f\000i\000z\000y\000c\000z\000n\000a}{section.5.3}% 36
\BOOKMARK [2][]{subsection.5.3.2}{\376\377\0005\000.\0003\000.\0002\000\040\000P\000e\000r\000s\000p\000e\000k\000t\000y\000w\000a\000\040\000l\000o\000g\000i\000c\000z\000n\000a}{section.5.3}% 37
\BOOKMARK [2][]{subsection.5.3.3}{\376\377\0005\000.\0003\000.\0003\000\040\000P\000e\000r\000s\000p\000e\000k\000t\000y\000w\000a\000\040\000i\000m\000p\000l\000e\000m\000e\000t\000a\000n\000c\000y\000j\000n\000a}{section.5.3}% 38
\BOOKMARK [2][]{subsection.5.3.4}{\376\377\0005\000.\0003\000.\0004\000\040\000P\000e\000r\000s\000p\000e\000k\000t\000y\000w\000a\000\040\000p\000r\000o\000c\000e\000s\000u\000\040\000\050\000r\000\363\000w\000n\000o\000l\000e\000g\001\102\000o\001\133\000c\000i\000\051}{section.5.3}% 39
\BOOKMARK [1][]{section.5.4}{\376\377\0005\000.\0004\000\040\000D\000e\000c\000y\000z\000j\000e\000\040\000p\000r\000o\000j\000e\000k\000t\000o\000w\000e}{chapter.5}% 40
\BOOKMARK [1][]{section.5.5}{\376\377\0005\000.\0005\000\040\000W\000y\000k\000o\000r\000z\000y\000s\000t\000a\000n\000e\000\040\000t\000e\000c\000h\000n\000o\000l\000o\000g\000i\000e}{chapter.5}% 41
\BOOKMARK [1][]{section.5.6}{\376\377\0005\000.\0006\000\040\000S\000c\000h\000e\000m\000a\000t\000\040\000b\000a\000z\000y\000\040\000d\000a\000n\000y\000c\000h}{chapter.5}% 42
\BOOKMARK [0][]{chapter.6}{\376\377\0006\000\040\000O\000p\000i\000s\000\040\000i\000m\000p\000l\000e\000m\000e\000n\000t\000a\000c\000j\000i}{}% 43
\BOOKMARK [1][]{section.6.1}{\376\377\0006\000.\0001\000\040\000W\000s\000t\001\031\000p}{chapter.6}% 44
\BOOKMARK [1][]{section.6.2}{\376\377\0006\000.\0002\000\040\000U\001\174\000y\000t\000e\000\040\000t\000e\000c\000h\000n\000o\000l\000o\000g\000i\000e}{chapter.6}% 45
\BOOKMARK [2][]{section*.1}{\376\377\000P\000H\000P}{section.6.2}% 46
\BOOKMARK [3][]{section*.2}{\376\377\000P\000H\000P\000U\000n\000i\000t}{section*.1}% 47
\BOOKMARK [3][]{section*.3}{\376\377\000S\000e\000l\000e\000n\000i\000u\000m}{section*.1}% 48
\BOOKMARK [3][]{section*.4}{\376\377\000P\000o\000s\000t\000g\000r\000e\000S\000Q\000L}{section*.1}% 49
\BOOKMARK [3][]{section*.5}{\376\377\000E\000c\000l\000i\000p\000s\000e}{section*.1}% 50
\BOOKMARK [3][]{section*.6}{\376\377\000S\000V\000N}{section*.1}% 51
\BOOKMARK [3][]{section*.7}{\376\377\000R\000e\000d\000m\000i\000n\000e}{section*.1}% 52
\BOOKMARK [3][]{section*.8}{\376\377\000J\000a\000s\000p\000e\000r\000R\000e\000p\000o\000r\000t\000s}{section*.1}% 53
\BOOKMARK [3][]{section*.9}{\376\377\000J\000a\000v\000a\000S\000c\000r\000i\000p\000t}{section*.1}% 54
\BOOKMARK [1][]{section.6.3}{\376\377\0006\000.\0003\000\040\000O\000g\000\363\000l\000n\000a\000\040\000s\000t\000r\000u\000k\000t\000u\000r\000a\000\040\000p\000r\000o\000j\000e\000k\000t\000u}{chapter.6}% 55
\BOOKMARK [1][]{section.6.4}{\376\377\0006\000.\0004\000\040\000I\000n\000t\000e\000r\000f\000e\000j\000s}{chapter.6}% 56
\BOOKMARK [2][]{subsection.6.4.1}{\376\377\0006\000.\0004\000.\0001\000\040\000W\000p\000r\000o\000w\000a\000d\000z\000e\000n\000i\000e}{section.6.4}% 57
\BOOKMARK [1][]{section.6.5}{\376\377\0006\000.\0005\000\040\000L\000o\000g\000i\000k\000a\000\040\000\050\000b\000a\000c\000k\000-\000e\000n\000d\000\051}{chapter.6}% 58
\BOOKMARK [1][]{section.6.6}{\376\377\0006\000.\0006\000\040\000P\000o\000w\000i\001\005\000z\000a\000n\000i\000e\000\040\000b\000a\000c\000k\000-\000e\000n\000d\000u\000\040\000z\000\040\000i\000n\000t\000e\000r\000f\000e\000j\000s\000e\000m}{chapter.6}% 59
\BOOKMARK [0][]{chapter.7}{\376\377\0007\000\040\000Z\000a\000p\000e\000w\000n\000i\000a\000n\000i\000e\000\040\000j\000a\000k\000o\001\133\000c\000i\000\040\000i\000\040\000k\000o\000n\000s\000e\000r\000w\000a\000c\000j\000a\000\040\000s\000y\000s\000t\000e\000m\000u}{}% 60
\BOOKMARK [1][]{section.7.1}{\376\377\0007\000.\0001\000\040\000T\000e\000s\000t\000y\000\040\000i\000\040\000w\000e\000r\000y\000f\000i\000k\000a\000c\000j\000a\000\040\000j\000a\000k\000o\001\133\000c\000i\000\040\000o\000p\000r\000o\000g\000r\000a\000m\000o\000w\000a\000n\000i\000a}{chapter.7}% 61
\BOOKMARK [2][]{subsection.7.1.1}{\376\377\0007\000.\0001\000.\0001\000\040\000T\000e\000s\000t\000y\000\040\000j\000e\000d\000n\000o\000s\000t\000k\000o\000w\000e}{section.7.1}% 62
\BOOKMARK [2][]{subsection.7.1.2}{\376\377\0007\000.\0001\000.\0002\000\040\000T\000e\000s\000t\000y\000\040\000i\000n\000t\000e\000g\000r\000a\000c\000y\000j\000n\000e}{section.7.1}% 63
\BOOKMARK [2][]{subsection.7.1.3}{\376\377\0007\000.\0001\000.\0003\000\040\000T\000e\000s\000t\000y\000\040\000a\000k\000c\000e\000p\000t\000a\000c\000y\000j\000n\000e}{section.7.1}% 64
\BOOKMARK [2][]{subsection.7.1.4}{\376\377\0007\000.\0001\000.\0004\000\040\000I\000n\000n\000e\000\040\000m\000e\000t\000o\000d\000y\000\040\000z\000a\000p\000e\000w\000n\000i\000a\000n\000i\000a\000\040\000j\000a\000k\000o\001\133\000c\000i}{section.7.1}% 65
\BOOKMARK [1][]{section.7.2}{\376\377\0007\000.\0002\000\040\000S\000p\000o\000s\000\363\000b\000\040\000u\000r\000u\000c\000h\000o\000m\000i\000e\000n\000i\000a\000\040\000i\000\040\000d\000z\000i\000a\001\102\000a\000n\000i\000a\000\040\000s\000y\000s\000t\000e\000m\000u}{chapter.7}% 66
\BOOKMARK [0][]{chapter.8}{\376\377\0008\000\040\000Z\000e\000b\000r\000a\000n\000e\000\040\000d\000o\001\133\000w\000i\000a\000d\000c\000z\000e\000n\000i\000a}{}% 67
\BOOKMARK [1][]{section.8.1}{\376\377\0008\000.\0001\000\040\000P\000r\000o\000b\000l\000e\000m\000y\000\040\000i\000\040\000i\000c\000h\000\040\000r\000o\000z\000w\000i\001\005\000z\000a\000n\000i\000a}{chapter.8}% 68
\BOOKMARK [2][]{subsection.8.1.1}{\376\377\0008\000.\0001\000.\0001\000\040\000M\000a\000c\000i\000e\000j\000\040\000T\000r\000o\000j\000a\000n}{section.8.1}% 69
\BOOKMARK [3][]{section*.10}{\376\377\000I\000n\000i\000c\000j\000a\000l\000i\000z\000a\000c\000j\000a\000\040\000b\000a\000z\000y\000\040\000d\000a\000n\000y\000c\000h}{subsection.8.1.1}% 70
\BOOKMARK [3][]{section*.11}{\376\377\000I\000n\000s\000t\000a\000l\000a\000c\000j\000a\000\040\000m\000o\000d\000u\001\102\000u}{subsection.8.1.1}% 71
\BOOKMARK [2][]{subsection.8.1.2}{\376\377\0008\000.\0001\000.\0002\000\040\000K\000r\000z\000y\000s\000z\000t\000o\000f\000\040\000U\000r\000b\000a\000n\000i\000a\000k}{section.8.1}% 72
\BOOKMARK [3][]{section*.12}{\376\377\000W\000p\000r\000o\000w\000a\000d\000z\000e\000n\000i\000e}{subsection.8.1.2}% 73
\BOOKMARK [3][]{section*.13}{\376\377\000F\000o\000r\000m\000u\000l\000a\000r\000z\000e}{subsection.8.1.2}% 74
\BOOKMARK [3][]{section*.14}{\376\377\000R\000o\000l\000e}{subsection.8.1.2}% 75
\BOOKMARK [3][]{section*.15}{\376\377\000F\000o\000r\000m\000a\000t\000e\000r\000\040\000k\000u\000r\000s\000u}{subsection.8.1.2}% 76
\BOOKMARK [3][]{section*.16}{\376\377\000T\000w\000o\000r\000z\000e\000n\000i\000e\000\040\000b\000a\000d\000a\000n\000i\000a}{subsection.8.1.2}% 77
\BOOKMARK [3][]{section*.17}{\376\377\000T\000w\000o\000r\000z\000e\000n\000i\000e\000\040\000a\000n\000k\000i\000e\000t\000y}{subsection.8.1.2}% 78
\BOOKMARK [3][]{section*.18}{\376\377\000I\000n\000w\000e\000n\000c\000j\000a\000\040\000p\000r\000o\000g\000r\000a\000m\000i\000s\000t\000\363\000w}{subsection.8.1.2}% 79
\BOOKMARK [2][]{subsection.8.1.3}{\376\377\0008\000.\0001\000.\0003\000\040\001\101\000u\000k\000a\000s\000z\000\040\000W\000i\000e\000c\000z\000o\000r\000e\000k}{section.8.1}% 80
\BOOKMARK [3][]{section*.19}{\376\377\000M\000a\000p\000o\000w\000a\000n\000i\000e\000\040\000o\000b\000i\000e\000k\000t\000o\000w\000o\000-\000r\000e\000l\000a\000c\000y\000j\000n\000e}{subsection.8.1.3}% 81
\BOOKMARK [0][]{chapter.9}{\376\377\0009\000\040\000Z\000a\000k\000o\001\104\000c\000z\000e\000n\000i\000e}{}% 82
\BOOKMARK [1][]{section.9.1}{\376\377\0009\000.\0001\000\040\000P\000o\000d\000s\000u\000m\000o\000w\000a\000n\000i\000e}{chapter.9}% 83
\BOOKMARK [1][]{section.9.2}{\376\377\0009\000.\0002\000\040\000P\000r\000o\000p\000o\000z\000y\000c\000j\000a\000\040\000d\000a\000l\000s\000z\000y\000c\000h\000\040\000p\000r\000a\000c}{chapter.9}% 84
\BOOKMARK [0][]{appendix.A}{\376\377\000A\000\040\000I\000n\000f\000o\000r\000m\000a\000c\000j\000e\000\040\000u\000z\000u\000p\000e\001\102\000n\000i\000a\000j\001\005\000c\000e}{}% 85
\BOOKMARK [1][]{section.A.1}{\376\377\000A\000.\0001\000\040\000W\000k\001\102\000a\000d\000\040\000p\000o\000s\000z\000c\000z\000e\000g\000\363\000l\000n\000y\000c\000h\000\040\000o\000s\000\363\000b\000\040\000d\000o\000\040\000p\000r\000z\000e\000d\000s\000i\001\031\000w\000z\000i\001\031\000c\000i\000a}{appendix.A}% 86
\BOOKMARK [1][]{section.A.2}{\376\377\000A\000.\0002\000\040\000W\000y\000k\000a\000z\000\040\000u\001\174\000y\000t\000y\000c\000h\000\040\000n\000a\000r\000z\001\031\000d\000z\000i}{appendix.A}% 87
\BOOKMARK [1][]{section.A.3}{\376\377\000A\000.\0003\000\040\000Z\000a\000w\000a\000r\000t\000o\001\133\001\007\000\040\000p\001\102\000y\000t\000y\000\040\000C\000D}{appendix.A}% 88
\BOOKMARK [0][]{appendix.B}{\376\377\000B\000\040\000W\000y\000g\000l\001\005\000d\000\040\000a\000p\000l\000i\000k\000a\000c\000j\000i}{}% 89
\BOOKMARK [0][]{appendix.C}{\376\377\000C\000\040\000S\000c\000h\000e\000m\000a\000t\000\040\000b\000a\000z\000y\000\040\000d\000a\000n\000y\000c\000h}{}% 90
